c:\users\mehmet esti\documents\github\deneme\combo\combo\debug\vc142.pdb
c:\users\mehmet esti\documents\github\deneme\combo\combo\debug\.netframework,version=v4.7.2.assemblyattributes.obj
c:\users\mehmet esti\documents\github\deneme\combo\combo\debug\myform.obj
c:\users\mehmet esti\documents\github\deneme\combo\combo\debug\homepage.obj
c:\users\mehmet esti\documents\github\deneme\combo\combo\debug\anasayfa.obj
c:\users\mehmet esti\documents\github\deneme\combo\combo\debug\myusercontrol.obj
c:\users\mehmet esti\documents\github\deneme\combo\combo\debug\combo.myform.resources
c:\users\mehmet esti\documents\github\deneme\combo\combo\debug\combo.myusercontrol.resources
c:\users\mehmet esti\documents\github\deneme\combo\combo\debug\combo.homepage.resources
c:\users\mehmet esti\documents\github\deneme\combo\combo\debug\combo.anasayfa.resources
c:\users\mehmet esti\documents\github\deneme\combo\debug\combo.exe
c:\users\mehmet esti\documents\github\deneme\combo\debug\combo.pdb
c:\users\mehmet esti\documents\github\deneme\combo\combo\debug\combo.tlog\cl.command.1.tlog
c:\users\mehmet esti\documents\github\deneme\combo\combo\debug\combo.tlog\cl.read.1.tlog
c:\users\mehmet esti\documents\github\deneme\combo\combo\debug\combo.tlog\cl.write.1.tlog
c:\users\mehmet esti\documents\github\deneme\combo\combo\debug\combo.tlog\combo.write.1u.tlog
c:\users\mehmet esti\documents\github\deneme\combo\combo\debug\combo.tlog\link.command.1.tlog
c:\users\mehmet esti\documents\github\deneme\combo\combo\debug\combo.tlog\link.read.1.tlog
c:\users\mehmet esti\documents\github\deneme\combo\combo\debug\combo.tlog\link.write.1.tlog
c:\users\mehmet esti\documents\github\deneme\combo\combo\debug\combo.tlog\metagen.read.1.tlog
c:\users\mehmet esti\documents\github\deneme\combo\combo\debug\combo.tlog\metagen.write.1.tlog
