  tarih hesaplama.cpp
C:\Users\Mehmet ESTİ\Source\Repos\tarih hesaplama\tarih hesaplama\tarih hesaplama.cpp(49,23): warning C4805: '==' : işlemde güvenli olmayan 'int' türü ve 'bool' türü karışımı
C:\Users\Mehmet ESTİ\Source\Repos\tarih hesaplama\tarih hesaplama\tarih hesaplama.cpp(50,17): error C2059: sözdizimi hatası: ';'
C:\Users\Mehmet ESTİ\Source\Repos\tarih hesaplama\tarih hesaplama\tarih hesaplama.cpp(51,3): error C2059: sözdizimi hatası: 'else'
C:\Users\Mehmet ESTİ\Source\Repos\tarih hesaplama\tarih hesaplama\tarih hesaplama.cpp(51,1): error C2143: sözdizimi hatası: ';' eksik ('{' öncesinde)
C:\Users\Mehmet ESTİ\Source\Repos\tarih hesaplama\tarih hesaplama\tarih hesaplama.cpp(51,1): error C2447: '{': işlev üstbilgisi eksik (eski tarzda biçimsel liste mi?)
C:\Users\Mehmet ESTİ\Source\Repos\tarih hesaplama\tarih hesaplama\tarih hesaplama.cpp(52,1): error C4430: tür belirticisi eksik - int varsayıldı. Not: C++ varsayılan int desteği içermez
C:\Users\Mehmet ESTİ\Source\Repos\tarih hesaplama\tarih hesaplama\tarih hesaplama.cpp(52,16): error C2440: 'başlatılıyor': 'int' - 'int [2]' dönüşümü yapılamıyor
C:\Users\Mehmet ESTİ\Source\Repos\tarih hesaplama\tarih hesaplama\tarih hesaplama.cpp(52,12): message : Dizi türlerine dönüştürme işlemi yok, ancak başvurulara veya dizi işaretçilerine dönüştürme işlemleri var
C:\Users\Mehmet ESTİ\Source\Repos\tarih hesaplama\tarih hesaplama\tarih hesaplama.cpp(53,14): error C4430: tür belirticisi eksik - int varsayıldı. Not: C++ varsayılan int desteği içermez
C:\Users\Mehmet ESTİ\Source\Repos\tarih hesaplama\tarih hesaplama\tarih hesaplama.cpp(53,2): error C2369: 'months': yeniden tanımlama; indisler farklı
C:\Users\Mehmet ESTİ\Source\Repos\tarih hesaplama\tarih hesaplama\tarih hesaplama.cpp(52): message : 'months' bildirimine bakın
C:\Users\Mehmet ESTİ\Source\Repos\tarih hesaplama\tarih hesaplama\tarih hesaplama.cpp(53,16): error C2440: 'başlatılıyor': 'int' - 'int [3]' dönüşümü yapılamıyor
C:\Users\Mehmet ESTİ\Source\Repos\tarih hesaplama\tarih hesaplama\tarih hesaplama.cpp(53,12): message : Dizi türlerine dönüştürme işlemi yok, ancak başvurulara veya dizi işaretçilerine dönüştürme işlemleri var
C:\Users\Mehmet ESTİ\Source\Repos\tarih hesaplama\tarih hesaplama\tarih hesaplama.cpp(54,14): error C4430: tür belirticisi eksik - int varsayıldı. Not: C++ varsayılan int desteği içermez
C:\Users\Mehmet ESTİ\Source\Repos\tarih hesaplama\tarih hesaplama\tarih hesaplama.cpp(54,2): error C2369: 'months': yeniden tanımlama; indisler farklı
C:\Users\Mehmet ESTİ\Source\Repos\tarih hesaplama\tarih hesaplama\tarih hesaplama.cpp(52): message : 'months' bildirimine bakın
C:\Users\Mehmet ESTİ\Source\Repos\tarih hesaplama\tarih hesaplama\tarih hesaplama.cpp(54,16): error C2440: 'başlatılıyor': 'int' - 'int [4]' dönüşümü yapılamıyor
C:\Users\Mehmet ESTİ\Source\Repos\tarih hesaplama\tarih hesaplama\tarih hesaplama.cpp(54,12): message : Dizi türlerine dönüştürme işlemi yok, ancak başvurulara veya dizi işaretçilerine dönüştürme işlemleri var
C:\Users\Mehmet ESTİ\Source\Repos\tarih hesaplama\tarih hesaplama\tarih hesaplama.cpp(55,14): error C4430: tür belirticisi eksik - int varsayıldı. Not: C++ varsayılan int desteği içermez
C:\Users\Mehmet ESTİ\Source\Repos\tarih hesaplama\tarih hesaplama\tarih hesaplama.cpp(55,2): error C2369: 'months': yeniden tanımlama; indisler farklı
C:\Users\Mehmet ESTİ\Source\Repos\tarih hesaplama\tarih hesaplama\tarih hesaplama.cpp(52): message : 'months' bildirimine bakın
C:\Users\Mehmet ESTİ\Source\Repos\tarih hesaplama\tarih hesaplama\tarih hesaplama.cpp(55,16): error C2440: 'başlatılıyor': 'int' - 'int [5]' dönüşümü yapılamıyor
C:\Users\Mehmet ESTİ\Source\Repos\tarih hesaplama\tarih hesaplama\tarih hesaplama.cpp(55,12): message : Dizi türlerine dönüştürme işlemi yok, ancak başvurulara veya dizi işaretçilerine dönüştürme işlemleri var
C:\Users\Mehmet ESTİ\Source\Repos\tarih hesaplama\tarih hesaplama\tarih hesaplama.cpp(56,14): error C4430: tür belirticisi eksik - int varsayıldı. Not: C++ varsayılan int desteği içermez
C:\Users\Mehmet ESTİ\Source\Repos\tarih hesaplama\tarih hesaplama\tarih hesaplama.cpp(56,2): error C2369: 'months': yeniden tanımlama; indisler farklı
C:\Users\Mehmet ESTİ\Source\Repos\tarih hesaplama\tarih hesaplama\tarih hesaplama.cpp(52): message : 'months' bildirimine bakın
C:\Users\Mehmet ESTİ\Source\Repos\tarih hesaplama\tarih hesaplama\tarih hesaplama.cpp(56,16): error C2440: 'başlatılıyor': 'int' - 'int [6]' dönüşümü yapılamıyor
C:\Users\Mehmet ESTİ\Source\Repos\tarih hesaplama\tarih hesaplama\tarih hesaplama.cpp(56,12): message : Dizi türlerine dönüştürme işlemi yok, ancak başvurulara veya dizi işaretçilerine dönüştürme işlemleri var
C:\Users\Mehmet ESTİ\Source\Repos\tarih hesaplama\tarih hesaplama\tarih hesaplama.cpp(57,14): error C4430: tür belirticisi eksik - int varsayıldı. Not: C++ varsayılan int desteği içermez
C:\Users\Mehmet ESTİ\Source\Repos\tarih hesaplama\tarih hesaplama\tarih hesaplama.cpp(57,2): error C2369: 'months': yeniden tanımlama; indisler farklı
C:\Users\Mehmet ESTİ\Source\Repos\tarih hesaplama\tarih hesaplama\tarih hesaplama.cpp(52): message : 'months' bildirimine bakın
C:\Users\Mehmet ESTİ\Source\Repos\tarih hesaplama\tarih hesaplama\tarih hesaplama.cpp(57,16): error C2440: 'başlatılıyor': 'int' - 'int [7]' dönüşümü yapılamıyor
C:\Users\Mehmet ESTİ\Source\Repos\tarih hesaplama\tarih hesaplama\tarih hesaplama.cpp(57,12): message : Dizi türlerine dönüştürme işlemi yok, ancak başvurulara veya dizi işaretçilerine dönüştürme işlemleri var
C:\Users\Mehmet ESTİ\Source\Repos\tarih hesaplama\tarih hesaplama\tarih hesaplama.cpp(58,14): error C4430: tür belirticisi eksik - int varsayıldı. Not: C++ varsayılan int desteği içermez
C:\Users\Mehmet ESTİ\Source\Repos\tarih hesaplama\tarih hesaplama\tarih hesaplama.cpp(58,2): error C2369: 'months': yeniden tanımlama; indisler farklı
C:\Users\Mehmet ESTİ\Source\Repos\tarih hesaplama\tarih hesaplama\tarih hesaplama.cpp(52): message : 'months' bildirimine bakın
C:\Users\Mehmet ESTİ\Source\Repos\tarih hesaplama\tarih hesaplama\tarih hesaplama.cpp(58,16): error C2440: 'başlatılıyor': 'int' - 'int [8]' dönüşümü yapılamıyor
C:\Users\Mehmet ESTİ\Source\Repos\tarih hesaplama\tarih hesaplama\tarih hesaplama.cpp(58,12): message : Dizi türlerine dönüştürme işlemi yok, ancak başvurulara veya dizi işaretçilerine dönüştürme işlemleri var
C:\Users\Mehmet ESTİ\Source\Repos\tarih hesaplama\tarih hesaplama\tarih hesaplama.cpp(59,14): error C4430: tür belirticisi eksik - int varsayıldı. Not: C++ varsayılan int desteği içermez
C:\Users\Mehmet ESTİ\Source\Repos\tarih hesaplama\tarih hesaplama\tarih hesaplama.cpp(59,2): error C2369: 'months': yeniden tanımlama; indisler farklı
C:\Users\Mehmet ESTİ\Source\Repos\tarih hesaplama\tarih hesaplama\tarih hesaplama.cpp(52): message : 'months' bildirimine bakın
C:\Users\Mehmet ESTİ\Source\Repos\tarih hesaplama\tarih hesaplama\tarih hesaplama.cpp(59,16): error C2440: 'başlatılıyor': 'int' - 'int [9]' dönüşümü yapılamıyor
C:\Users\Mehmet ESTİ\Source\Repos\tarih hesaplama\tarih hesaplama\tarih hesaplama.cpp(59,12): message : Dizi türlerine dönüştürme işlemi yok, ancak başvurulara veya dizi işaretçilerine dönüştürme işlemleri var
C:\Users\Mehmet ESTİ\Source\Repos\tarih hesaplama\tarih hesaplama\tarih hesaplama.cpp(60,15): error C4430: tür belirticisi eksik - int varsayıldı. Not: C++ varsayılan int desteği içermez
C:\Users\Mehmet ESTİ\Source\Repos\tarih hesaplama\tarih hesaplama\tarih hesaplama.cpp(60,2): error C2369: 'months': yeniden tanımlama; indisler farklı
C:\Users\Mehmet ESTİ\Source\Repos\tarih hesaplama\tarih hesaplama\tarih hesaplama.cpp(52): message : 'months' bildirimine bakın
C:\Users\Mehmet ESTİ\Source\Repos\tarih hesaplama\tarih hesaplama\tarih hesaplama.cpp(60,17): error C2440: 'başlatılıyor': 'int' - 'int [10]' dönüşümü yapılamıyor
C:\Users\Mehmet ESTİ\Source\Repos\tarih hesaplama\tarih hesaplama\tarih hesaplama.cpp(60,13): message : Dizi türlerine dönüştürme işlemi yok, ancak başvurulara veya dizi işaretçilerine dönüştürme işlemleri var
C:\Users\Mehmet ESTİ\Source\Repos\tarih hesaplama\tarih hesaplama\tarih hesaplama.cpp(61,15): error C4430: tür belirticisi eksik - int varsayıldı. Not: C++ varsayılan int desteği içermez
C:\Users\Mehmet ESTİ\Source\Repos\tarih hesaplama\tarih hesaplama\tarih hesaplama.cpp(61,2): error C2369: 'months': yeniden tanımlama; indisler farklı
C:\Users\Mehmet ESTİ\Source\Repos\tarih hesaplama\tarih hesaplama\tarih hesaplama.cpp(52): message : 'months' bildirimine bakın
C:\Users\Mehmet ESTİ\Source\Repos\tarih hesaplama\tarih hesaplama\tarih hesaplama.cpp(61,17): error C2440: 'başlatılıyor': 'int' - 'int [11]' dönüşümü yapılamıyor
C:\Users\Mehmet ESTİ\Source\Repos\tarih hesaplama\tarih hesaplama\tarih hesaplama.cpp(61,13): message : Dizi türlerine dönüştürme işlemi yok, ancak başvurulara veya dizi işaretçilerine dönüştürme işlemleri var
C:\Users\Mehmet ESTİ\Source\Repos\tarih hesaplama\tarih hesaplama\tarih hesaplama.cpp(62,12): error C4430: tür belirticisi eksik - int varsayıldı. Not: C++ varsayılan int desteği içermez
C:\Users\Mehmet ESTİ\Source\Repos\tarih hesaplama\tarih hesaplama\tarih hesaplama.cpp(62,12): error C2556: 'int comments(void)': aşırı yüklenen sanal işlev ile 'void comments(void)' arasındaki tek fark dönüş türü
C:\Users\Mehmet ESTİ\Source\Repos\tarih hesaplama\tarih hesaplama\tarih hesaplama.cpp(5): message : 'comments' bildirimine bakın
C:\Users\Mehmet ESTİ\Source\Repos\tarih hesaplama\tarih hesaplama\tarih hesaplama.cpp(62,2): error C2371: 'comments': yeniden tanımlama; temel türler farklı
C:\Users\Mehmet ESTİ\Source\Repos\tarih hesaplama\tarih hesaplama\tarih hesaplama.cpp(5): message : 'comments' bildirimine bakın
C:\Users\Mehmet ESTİ\Source\Repos\tarih hesaplama\tarih hesaplama\tarih hesaplama.cpp(63,11): error C2065: 'valueEnt': bildirimi yapılmamış tanımlayıcı
C:\Users\Mehmet ESTİ\Source\Repos\tarih hesaplama\tarih hesaplama\tarih hesaplama.cpp(63,19): error C4430: tür belirticisi eksik - int varsayıldı. Not: C++ varsayılan int desteği içermez
C:\Users\Mehmet ESTİ\Source\Repos\tarih hesaplama\tarih hesaplama\tarih hesaplama.cpp(63,2): error C2365: 'logStart': yeniden tanımlama; önceki tanım 'işlev' idi
C:\Users\Mehmet ESTİ\Source\Repos\tarih hesaplama\tarih hesaplama\tarih hesaplama.cpp(26): message : 'logStart' bildirimine bakın
C:\Users\Mehmet ESTİ\Source\Repos\tarih hesaplama\tarih hesaplama\tarih hesaplama.cpp(64,7): error C2143: sözdizimi hatası: ';' eksik ('<<' öncesinde)
C:\Users\Mehmet ESTİ\Source\Repos\tarih hesaplama\tarih hesaplama\tarih hesaplama.cpp(64,7): error C4430: tür belirticisi eksik - int varsayıldı. Not: C++ varsayılan int desteği içermez
C:\Users\Mehmet ESTİ\Source\Repos\tarih hesaplama\tarih hesaplama\tarih hesaplama.cpp(66,1): error C2059: sözdizimi hatası: '}'
C:\Users\Mehmet ESTİ\Source\Repos\tarih hesaplama\tarih hesaplama\tarih hesaplama.cpp(66,1): error C2143: sözdizimi hatası: ';' eksik ('}' öncesinde)
